Using pre-set license

 COMMAND LINE ARGUMENTS:
/Applications/Unity/Hub/Editor/2020.2.7f1/Unity.app/Contents/MacOS/Unity
-adb2
-batchMode
-noUpm
-name
AssetImportWorker0
-projectPath
/Users/mizoteayaka/Documents/UnityProjects/Zoo
-logFile
Logs/AssetImportWorker0.log
-srvPort
63719
Successfully changed project path to: /Users/mizoteayaka/Documents/UnityProjects/Zoo
/Users/mizoteayaka/Documents/UnityProjects/Zoo
Using Asset Import Pipeline V2.
Refreshing native plugins compatible for Editor in 23.02 ms, found 1 plugins.
Preloading 0 native plugins for Editor in 0.00 ms.
Initialize engine version: 2020.2.7f1 (c53830e277f1)
[Subsystems] Discovering subsystems at path /Applications/Unity/Hub/Editor/2020.2.7f1/Unity.app/Contents/Resources/UnitySubsystems
[Subsystems] Discovering subsystems at path /Users/mizoteayaka/Documents/UnityProjects/Zoo/Assets
GfxDevice: creating device client; threaded=0
2021-09-20 02:21:37.621 Unity[80131:8433994] Color LCD preferred device: Intel(R) Iris(TM) Plus Graphics (low power)
2021-09-20 02:21:37.621 Unity[80131:8433994] Metal devices available: 1
2021-09-20 02:21:37.621 Unity[80131:8433994] 0: Intel(R) Iris(TM) Plus Graphics (low power)
2021-09-20 02:21:37.621 Unity[80131:8433994] Using device Intel(R) Iris(TM) Plus Graphics (low power)
Initializing Metal device caps: Intel(R) Iris(TM) Plus Graphics
Initialize mono
Mono path[0] = '/Applications/Unity/Hub/Editor/2020.2.7f1/Unity.app/Contents/Managed'
Mono path[1] = '/Applications/Unity/Hub/Editor/2020.2.7f1/Unity.app/Contents/MonoBleedingEdge/lib/mono/unityjit'
Mono config path = '/Applications/Unity/Hub/Editor/2020.2.7f1/Unity.app/Contents/MonoBleedingEdge/etc'
Using monoOptions --debugger-agent=transport=dt_socket,embedding=1,server=y,suspend=n,address=127.0.0.1:56131
Begin MonoManager ReloadAssembly
Registering precompiled unity dll's ...
Register platform support module: /Applications/Unity/Hub/Editor/2020.2.7f1/PlaybackEngines/WebGLSupport/UnityEditor.WebGL.Extensions.dll
Register platform support module: /Applications/Unity/Hub/Editor/2020.2.7f1/Unity.app/Contents/PlaybackEngines/MacStandaloneSupport/UnityEditor.OSXStandalone.Extensions.dll
Registered in 0.000764 seconds.
Native extension for OSXStandalone target not found
Native extension for WebGL target not found
Refreshing native plugins compatible for Editor in 29.29 ms, found 1 plugins.
Preloading 0 native plugins for Editor in 0.00 ms.
Invoked RoslynAnalysisRunner static constructor.
RoslynAnalysisRunner will not be running.
RoslynAnalysisRunner has terminated.
Mono: successfully reloaded assembly
- Completed reload, in  2.146 seconds
Platform modules already initialized, skipping
Registering precompiled user dll's ...
Registered in 0.000482 seconds.
Begin MonoManager ReloadAssembly
Native extension for OSXStandalone target not found
Native extension for WebGL target not found
Refreshing native plugins compatible for Editor in 0.25 ms, found 1 plugins.
Preloading 0 native plugins for Editor in 0.00 ms.
Invoked RoslynAnalysisRunner static constructor.
RoslynAnalysisRunner will not be running.
RoslynAnalysisRunner has terminated.
Mono: successfully reloaded assembly
- Completed reload, in  1.107 seconds
Platform modules already initialized, skipping
========================================================================
Worker process is ready to serve import requests
Launching external process: /Applications/Unity/Hub/Editor/2020.2.7f1/Unity.app/Contents/Tools/UnityShaderCompiler
Launched and connected shader compiler UnityShaderCompiler after 0.01 seconds
Refreshing native plugins compatible for Editor in 0.20 ms, found 1 plugins.
Preloading 0 native plugins for Editor in 0.00 ms.
Unloading 1125 Unused Serialized files (Serialized files now loaded: 0)
System memory in use before: 113.9 MB.
System memory in use after: 113.9 MB.

Unloading 10 unused Assets to reduce memory usage. Loaded Objects now: 1568.
Total: 2.034803 ms (FindLiveObjects: 0.124298 ms CreateObjectMapping: 0.029779 ms MarkObjects: 1.796489 ms  DeleteObjects: 0.083225 ms)

========================================================================
Received Import Request.
  path: Assets/Prefabs_Original/Stranger.prefab
  artifactKey: Guid(bc220e43a4f4246218b7180d489de093) Importer(815301076,1909f56bfc062723c751e8b465ee728b)
Start importing Assets/Prefabs_Original/Stranger.prefab using Guid(bc220e43a4f4246218b7180d489de093) Importer(815301076,1909f56bfc062723c751e8b465ee728b)  -> (artifact id: 'f44c0253ef216e03959c2b1b37e64711') in 1.135584 seconds
  Import took 1.138336 seconds .

AssetImportWorkerClient::OnTransportError - code=2 error=End of file
