Using pre-set license

 COMMAND LINE ARGUMENTS:
/Applications/Unity/Hub/Editor/2020.2.7f1/Unity.app/Contents/MacOS/Unity
-adb2
-batchMode
-noUpm
-name
AssetImportWorker0
-projectPath
/Users/mizoteayaka/Documents/UnityProjects/Zoo
-logFile
Logs/AssetImportWorker0.log
-srvPort
53606
Successfully changed project path to: /Users/mizoteayaka/Documents/UnityProjects/Zoo
/Users/mizoteayaka/Documents/UnityProjects/Zoo
Using Asset Import Pipeline V2.
Refreshing native plugins compatible for Editor in 26.99 ms, found 1 plugins.
Preloading 0 native plugins for Editor in 0.00 ms.
Initialize engine version: 2020.2.7f1 (c53830e277f1)
[Subsystems] Discovering subsystems at path /Applications/Unity/Hub/Editor/2020.2.7f1/Unity.app/Contents/Resources/UnitySubsystems
[Subsystems] Discovering subsystems at path /Users/mizoteayaka/Documents/UnityProjects/Zoo/Assets
GfxDevice: creating device client; threaded=0
2021-09-20 22:43:54.637 Unity[4117:296332] Color LCD preferred device: Intel(R) Iris(TM) Plus Graphics (low power)
2021-09-20 22:43:54.637 Unity[4117:296332] Metal devices available: 1
2021-09-20 22:43:54.637 Unity[4117:296332] 0: Intel(R) Iris(TM) Plus Graphics (low power)
2021-09-20 22:43:54.637 Unity[4117:296332] Using device Intel(R) Iris(TM) Plus Graphics (low power)
Initializing Metal device caps: Intel(R) Iris(TM) Plus Graphics
Initialize mono
Mono path[0] = '/Applications/Unity/Hub/Editor/2020.2.7f1/Unity.app/Contents/Managed'
Mono path[1] = '/Applications/Unity/Hub/Editor/2020.2.7f1/Unity.app/Contents/MonoBleedingEdge/lib/mono/unityjit'
Mono config path = '/Applications/Unity/Hub/Editor/2020.2.7f1/Unity.app/Contents/MonoBleedingEdge/etc'
Using monoOptions --debugger-agent=transport=dt_socket,embedding=1,server=y,suspend=n,address=127.0.0.1:56117
Begin MonoManager ReloadAssembly
Registering precompiled unity dll's ...
Register platform support module: /Applications/Unity/Hub/Editor/2020.2.7f1/PlaybackEngines/WebGLSupport/UnityEditor.WebGL.Extensions.dll
Register platform support module: /Applications/Unity/Hub/Editor/2020.2.7f1/Unity.app/Contents/PlaybackEngines/MacStandaloneSupport/UnityEditor.OSXStandalone.Extensions.dll
Registered in 0.000844 seconds.
Native extension for OSXStandalone target not found
Native extension for WebGL target not found
Refreshing native plugins compatible for Editor in 22.96 ms, found 1 plugins.
Preloading 0 native plugins for Editor in 0.00 ms.
Invoked RoslynAnalysisRunner static constructor.
RoslynAnalysisRunner will not be running.
RoslynAnalysisRunner has terminated.
Mono: successfully reloaded assembly
- Completed reload, in  2.145 seconds
Platform modules already initialized, skipping
Registering precompiled user dll's ...
Registered in 0.000392 seconds.
Begin MonoManager ReloadAssembly
Native extension for OSXStandalone target not found
Native extension for WebGL target not found
Refreshing native plugins compatible for Editor in 0.25 ms, found 1 plugins.
Preloading 0 native plugins for Editor in 0.00 ms.
Invoked RoslynAnalysisRunner static constructor.
RoslynAnalysisRunner will not be running.
RoslynAnalysisRunner has terminated.
Mono: successfully reloaded assembly
- Completed reload, in  1.073 seconds
Platform modules already initialized, skipping
========================================================================
Worker process is ready to serve import requests
Launching external process: /Applications/Unity/Hub/Editor/2020.2.7f1/Unity.app/Contents/Tools/UnityShaderCompiler
Launched and connected shader compiler UnityShaderCompiler after 0.01 seconds
Refreshing native plugins compatible for Editor in 0.23 ms, found 1 plugins.
Preloading 0 native plugins for Editor in 0.00 ms.
Unloading 1125 Unused Serialized files (Serialized files now loaded: 0)
System memory in use before: 113.9 MB.
System memory in use after: 113.9 MB.

Unloading 10 unused Assets to reduce memory usage. Loaded Objects now: 1568.
Total: 1.690495 ms (FindLiveObjects: 0.140059 ms CreateObjectMapping: 0.036535 ms MarkObjects: 1.400814 ms  DeleteObjects: 0.111917 ms)

========================================================================
Received Import Request.
  path: Assets/Prefabs_Original/Stranger.prefab
  artifactKey: Guid(bc220e43a4f4246218b7180d489de093) Importer(815301076,1909f56bfc062723c751e8b465ee728b)
Start importing Assets/Prefabs_Original/Stranger.prefab using Guid(bc220e43a4f4246218b7180d489de093) Importer(815301076,1909f56bfc062723c751e8b465ee728b)  -> (artifact id: 'f5b20352210fd9935b048fd3b4006278') in 1.120203 seconds
  Import took 1.125460 seconds .

========================================================================
Received Prepare
Registering precompiled user dll's ...
Registered in 0.000498 seconds.
Begin MonoManager ReloadAssembly
Native extension for OSXStandalone target not found
Native extension for WebGL target not found
Refreshing native plugins compatible for Editor in 0.26 ms, found 1 plugins.
Preloading 0 native plugins for Editor in 0.00 ms.
Invoked RoslynAnalysisRunner static constructor.
RoslynAnalysisRunner will not be running.
RoslynAnalysisRunner has terminated.
Mono: successfully reloaded assembly
- Completed reload, in  1.080 seconds
Platform modules already initialized, skipping
Refreshing native plugins compatible for Editor in 0.25 ms, found 1 plugins.
Preloading 0 native plugins for Editor in 0.00 ms.
Unloading 1120 Unused Serialized files (Serialized files now loaded: 0)
System memory in use before: 135.9 MB.
System memory in use after: 136.0 MB.

Unloading 5 unused Assets to reduce memory usage. Loaded Objects now: 1580.
Total: 1.599018 ms (FindLiveObjects: 0.245270 ms CreateObjectMapping: 0.029477 ms MarkObjects: 1.274559 ms  DeleteObjects: 0.048646 ms)

========================================================================
Received Prepare
Registering precompiled user dll's ...
Registered in 0.000404 seconds.
Begin MonoManager ReloadAssembly
Native extension for OSXStandalone target not found
Native extension for WebGL target not found
Refreshing native plugins compatible for Editor in 0.26 ms, found 1 plugins.
Preloading 0 native plugins for Editor in 0.00 ms.
Invoked RoslynAnalysisRunner static constructor.
RoslynAnalysisRunner will not be running.
RoslynAnalysisRunner has terminated.
Mono: successfully reloaded assembly
- Completed reload, in  0.950 seconds
Platform modules already initialized, skipping
Refreshing native plugins compatible for Editor in 0.22 ms, found 1 plugins.
Preloading 0 native plugins for Editor in 0.00 ms.
Unloading 1120 Unused Serialized files (Serialized files now loaded: 0)
System memory in use before: 136.1 MB.
System memory in use after: 136.1 MB.

Unloading 5 unused Assets to reduce memory usage. Loaded Objects now: 1583.
Total: 1.542583 ms (FindLiveObjects: 0.197611 ms CreateObjectMapping: 0.039855 ms MarkObjects: 1.225689 ms  DeleteObjects: 0.078570 ms)

========================================================================
Received Prepare
Registering precompiled user dll's ...
Registered in 0.000516 seconds.
Begin MonoManager ReloadAssembly
Native extension for OSXStandalone target not found
Native extension for WebGL target not found
Refreshing native plugins compatible for Editor in 0.28 ms, found 1 plugins.
Preloading 0 native plugins for Editor in 0.00 ms.
Invoked RoslynAnalysisRunner static constructor.
RoslynAnalysisRunner will not be running.
RoslynAnalysisRunner has terminated.
Mono: successfully reloaded assembly
- Completed reload, in  1.367 seconds
Platform modules already initialized, skipping
Refreshing native plugins compatible for Editor in 0.70 ms, found 1 plugins.
Preloading 0 native plugins for Editor in 0.00 ms.
Unloading 1120 Unused Serialized files (Serialized files now loaded: 0)
System memory in use before: 136.3 MB.
System memory in use after: 136.3 MB.

Unloading 5 unused Assets to reduce memory usage. Loaded Objects now: 1586.
Total: 2.968590 ms (FindLiveObjects: 0.464631 ms CreateObjectMapping: 0.078825 ms MarkObjects: 2.346003 ms  DeleteObjects: 0.076285 ms)

========================================================================
Received Import Request.
  Time since last request: 86.793762 seconds.
  path: Assets/Prefabs_Original/Stranger.prefab
  artifactKey: Guid(bc220e43a4f4246218b7180d489de093) Importer(815301076,1909f56bfc062723c751e8b465ee728b)
Start importing Assets/Prefabs_Original/Stranger.prefab using Guid(bc220e43a4f4246218b7180d489de093) Importer(815301076,1909f56bfc062723c751e8b465ee728b)  -> (artifact id: '9ece5d44fe44f0b8695b6fe58ae5badb') in 0.174488 seconds
  Import took 0.180784 seconds .

========================================================================
Received Import Request.
  Time since last request: 0.939158 seconds.
  path: Assets/Prefabs_Original/DoorPos1.prefab
  artifactKey: Guid(aa029afc04e304f91aa98096ce0b9e58) Importer(815301076,1909f56bfc062723c751e8b465ee728b)
Start importing Assets/Prefabs_Original/DoorPos1.prefab using Guid(aa029afc04e304f91aa98096ce0b9e58) Importer(815301076,1909f56bfc062723c751e8b465ee728b)  -> (artifact id: '270bc75774dcb9b0934a71337c0647b4') in 0.016176 seconds
  Import took 0.019549 seconds .

========================================================================
Received Import Request.
  Time since last request: 0.016264 seconds.
  path: Assets/Prefabs_Original/DoorPos1.prefab
  artifactKey: Guid(aa029afc04e304f91aa98096ce0b9e58) Importer(815301076,1909f56bfc062723c751e8b465ee728b)
Start importing Assets/Prefabs_Original/DoorPos1.prefab using Guid(aa029afc04e304f91aa98096ce0b9e58) Importer(815301076,1909f56bfc062723c751e8b465ee728b)  -> (artifact id: '270bc75774dcb9b0934a71337c0647b4') in 0.009634 seconds
  Import took 0.011850 seconds .

========================================================================
Received Import Request.
  Time since last request: 7.822278 seconds.
  path: Assets/Prefabs_Original/Stranger.prefab
  artifactKey: Guid(bc220e43a4f4246218b7180d489de093) Importer(815301076,1909f56bfc062723c751e8b465ee728b)
Start importing Assets/Prefabs_Original/Stranger.prefab using Guid(bc220e43a4f4246218b7180d489de093) Importer(815301076,1909f56bfc062723c751e8b465ee728b)  -> (artifact id: '9c99a3d2fd0d840b15ed4245a85188a9') in 0.027806 seconds
  Import took 0.032001 seconds .

========================================================================
Received Import Request.
  Time since last request: 22.324791 seconds.
  path: Assets/Prefabs_Original/Stranger.prefab
  artifactKey: Guid(bc220e43a4f4246218b7180d489de093) Importer(815301076,1909f56bfc062723c751e8b465ee728b)
Start importing Assets/Prefabs_Original/Stranger.prefab using Guid(bc220e43a4f4246218b7180d489de093) Importer(815301076,1909f56bfc062723c751e8b465ee728b)  -> (artifact id: '4729ca9eaed6b00edb14889a9f0d8cbc') in 0.021649 seconds
  Import took 0.025358 seconds .

========================================================================
Received Prepare
Registering precompiled user dll's ...
Registered in 0.000564 seconds.
Begin MonoManager ReloadAssembly
Native extension for OSXStandalone target not found
Native extension for WebGL target not found
Refreshing native plugins compatible for Editor in 0.34 ms, found 1 plugins.
Preloading 0 native plugins for Editor in 0.00 ms.
Invoked RoslynAnalysisRunner static constructor.
RoslynAnalysisRunner will not be running.
RoslynAnalysisRunner has terminated.
Mono: successfully reloaded assembly
- Completed reload, in  1.377 seconds
Platform modules already initialized, skipping
Refreshing native plugins compatible for Editor in 0.24 ms, found 1 plugins.
Preloading 0 native plugins for Editor in 0.00 ms.
Unloading 1120 Unused Serialized files (Serialized files now loaded: 0)
System memory in use before: 136.8 MB.
System memory in use after: 136.8 MB.

Unloading 5 unused Assets to reduce memory usage. Loaded Objects now: 1590.
Total: 1.745684 ms (FindLiveObjects: 0.148764 ms CreateObjectMapping: 0.034019 ms MarkObjects: 1.503080 ms  DeleteObjects: 0.058483 ms)

========================================================================
Received Import Request.
  Time since last request: 30.515380 seconds.
  path: Assets/Prefabs_Original/Stranger.prefab
  artifactKey: Guid(bc220e43a4f4246218b7180d489de093) Importer(815301076,1909f56bfc062723c751e8b465ee728b)
Start importing Assets/Prefabs_Original/Stranger.prefab using Guid(bc220e43a4f4246218b7180d489de093) Importer(815301076,1909f56bfc062723c751e8b465ee728b)  -> (artifact id: '0178099ff6817c905b61ee199138580a') in 0.103924 seconds
  Import took 0.108401 seconds .

========================================================================
Received Import Request.
  Time since last request: 2.461596 seconds.
  path: Assets/Prefabs_Original/DoorPos1 1.prefab
  artifactKey: Guid(75dbee57438af4c0e9c3cc5c7c5cfea1) Importer(815301076,1909f56bfc062723c751e8b465ee728b)
Start importing Assets/Prefabs_Original/DoorPos1 1.prefab using Guid(75dbee57438af4c0e9c3cc5c7c5cfea1) Importer(815301076,1909f56bfc062723c751e8b465ee728b)  -> (artifact id: '74f995f2df2e90f9b3a5e978028575c7') in 0.020896 seconds
  Import took 0.024343 seconds .

========================================================================
Received Import Request.
  Time since last request: 6.758616 seconds.
  path: Assets/Prefabs_Original/DoorPos2.prefab
  artifactKey: Guid(3f259353359524036924309b868db414) Importer(815301076,1909f56bfc062723c751e8b465ee728b)
Start importing Assets/Prefabs_Original/DoorPos2.prefab using Guid(3f259353359524036924309b868db414) Importer(815301076,1909f56bfc062723c751e8b465ee728b)  -> (artifact id: '90556871216f2fca41124e8e58c2dfa9') in 0.026542 seconds
  Import took 0.030806 seconds .

========================================================================
Received Import Request.
  Time since last request: 2.840453 seconds.
  path: Assets/Prefabs_Original/DoorPos3.prefab
  artifactKey: Guid(6f8734ed5d4f24097840ad43f2a7936c) Importer(815301076,1909f56bfc062723c751e8b465ee728b)
Start importing Assets/Prefabs_Original/DoorPos3.prefab using Guid(6f8734ed5d4f24097840ad43f2a7936c) Importer(815301076,1909f56bfc062723c751e8b465ee728b)  -> (artifact id: 'fc360d989c9850add6c1421f05d8087f') in 0.022970 seconds
  Import took 0.026672 seconds .

========================================================================
Received Import Request.
  Time since last request: 2.304783 seconds.
  path: Assets/Prefabs_Original/DoorPos4.prefab
  artifactKey: Guid(ba81179ac17954eedb968296a642bf4d) Importer(815301076,1909f56bfc062723c751e8b465ee728b)
Start importing Assets/Prefabs_Original/DoorPos4.prefab using Guid(ba81179ac17954eedb968296a642bf4d) Importer(815301076,1909f56bfc062723c751e8b465ee728b)  -> (artifact id: '8c8903a6e3331739b88d9f219abfd0d4') in 0.021725 seconds
  Import took 0.025711 seconds .

========================================================================
Received Import Request.
  Time since last request: 2.695066 seconds.
  path: Assets/Prefabs_Original/DoorPos5.prefab
  artifactKey: Guid(d26bf157676f645f49d6b110f1cb763e) Importer(815301076,1909f56bfc062723c751e8b465ee728b)
Start importing Assets/Prefabs_Original/DoorPos5.prefab using Guid(d26bf157676f645f49d6b110f1cb763e) Importer(815301076,1909f56bfc062723c751e8b465ee728b)  -> (artifact id: 'c3c3e657f7c924cfe4316fe6254e3d4d') in 0.019532 seconds
  Import took 0.023714 seconds .

========================================================================
Received Import Request.
  Time since last request: 7.255011 seconds.
  path: Assets/Prefabs_Original/Stranger.prefab
  artifactKey: Guid(bc220e43a4f4246218b7180d489de093) Importer(815301076,1909f56bfc062723c751e8b465ee728b)
Start importing Assets/Prefabs_Original/Stranger.prefab using Guid(bc220e43a4f4246218b7180d489de093) Importer(815301076,1909f56bfc062723c751e8b465ee728b)  -> (artifact id: '923ca092c58318b4ff459100d8dd0e1b') in 0.027938 seconds
  Import took 0.032576 seconds .

========================================================================
Received Import Request.
  Time since last request: 56.266350 seconds.
  path: Assets/Prefabs_Original/Stranger.prefab
  artifactKey: Guid(bc220e43a4f4246218b7180d489de093) Importer(815301076,1909f56bfc062723c751e8b465ee728b)
Start importing Assets/Prefabs_Original/Stranger.prefab using Guid(bc220e43a4f4246218b7180d489de093) Importer(815301076,1909f56bfc062723c751e8b465ee728b)  -> (artifact id: '96302337d5061d9b5fc3fc201f0bf208') in 0.022864 seconds
  Import took 0.026301 seconds .

========================================================================
Received Import Request.
  Time since last request: 5.565975 seconds.
  path: Assets/Prefabs_Original/Stranger.prefab
  artifactKey: Guid(bc220e43a4f4246218b7180d489de093) Importer(815301076,1909f56bfc062723c751e8b465ee728b)
Start importing Assets/Prefabs_Original/Stranger.prefab using Guid(bc220e43a4f4246218b7180d489de093) Importer(815301076,1909f56bfc062723c751e8b465ee728b)  -> (artifact id: '342e902c7a7aca68af54600c74304f5b') in 0.022530 seconds
  Import took 0.026720 seconds .

========================================================================
Received Import Request.
  Time since last request: 3.125728 seconds.
  path: Assets/Prefabs_Original/Stranger.prefab
  artifactKey: Guid(bc220e43a4f4246218b7180d489de093) Importer(815301076,1909f56bfc062723c751e8b465ee728b)
Start importing Assets/Prefabs_Original/Stranger.prefab using Guid(bc220e43a4f4246218b7180d489de093) Importer(815301076,1909f56bfc062723c751e8b465ee728b)  -> (artifact id: 'be373611401459b79780b4f32b87d8b2') in 0.023649 seconds
  Import took 0.028109 seconds .

========================================================================
Received Import Request.
  Time since last request: 3.031175 seconds.
  path: Assets/Prefabs_Original/Stranger.prefab
  artifactKey: Guid(bc220e43a4f4246218b7180d489de093) Importer(815301076,1909f56bfc062723c751e8b465ee728b)
Start importing Assets/Prefabs_Original/Stranger.prefab using Guid(bc220e43a4f4246218b7180d489de093) Importer(815301076,1909f56bfc062723c751e8b465ee728b)  -> (artifact id: 'a44a9ee12aef6de3919aed94801ecbfc') in 0.026591 seconds
  Import took 0.031481 seconds .

========================================================================
Received Import Request.
  Time since last request: 3.208948 seconds.
  path: Assets/Prefabs_Original/Stranger.prefab
  artifactKey: Guid(bc220e43a4f4246218b7180d489de093) Importer(815301076,1909f56bfc062723c751e8b465ee728b)
Start importing Assets/Prefabs_Original/Stranger.prefab using Guid(bc220e43a4f4246218b7180d489de093) Importer(815301076,1909f56bfc062723c751e8b465ee728b)  -> (artifact id: '1137342d78469ec082e1299d01b07a31') in 0.027256 seconds
  Import took 0.031451 seconds .

========================================================================
Received Prepare
Registering precompiled user dll's ...
Registered in 0.000578 seconds.
Begin MonoManager ReloadAssembly
Native extension for OSXStandalone target not found
Native extension for WebGL target not found
Refreshing native plugins compatible for Editor in 0.53 ms, found 1 plugins.
Preloading 0 native plugins for Editor in 0.00 ms.
Invoked RoslynAnalysisRunner static constructor.
RoslynAnalysisRunner will not be running.
RoslynAnalysisRunner has terminated.
Mono: successfully reloaded assembly
- Completed reload, in  1.538 seconds
Platform modules already initialized, skipping
Refreshing native plugins compatible for Editor in 0.29 ms, found 1 plugins.
Preloading 0 native plugins for Editor in 0.00 ms.
Unloading 1120 Unused Serialized files (Serialized files now loaded: 0)
System memory in use before: 137.3 MB.
System memory in use after: 137.3 MB.

Unloading 5 unused Assets to reduce memory usage. Loaded Objects now: 1594.
Total: 2.504160 ms (FindLiveObjects: 0.299564 ms CreateObjectMapping: 0.125114 ms MarkObjects: 2.007262 ms  DeleteObjects: 0.068825 ms)

========================================================================
Received Prepare
Registering precompiled user dll's ...
Registered in 0.002247 seconds.
Begin MonoManager ReloadAssembly
Native extension for OSXStandalone target not found
Native extension for WebGL target not found
Refreshing native plugins compatible for Editor in 0.46 ms, found 1 plugins.
Preloading 0 native plugins for Editor in 0.00 ms.
Invoked RoslynAnalysisRunner static constructor.
RoslynAnalysisRunner will not be running.
RoslynAnalysisRunner has terminated.
Mono: successfully reloaded assembly
- Completed reload, in  3.960 seconds
Platform modules already initialized, skipping
Refreshing native plugins compatible for Editor in 0.78 ms, found 1 plugins.
Preloading 0 native plugins for Editor in 0.00 ms.
Unloading 1120 Unused Serialized files (Serialized files now loaded: 0)
System memory in use before: 137.5 MB.
System memory in use after: 137.5 MB.

Unloading 5 unused Assets to reduce memory usage. Loaded Objects now: 1597.
Total: 6.413594 ms (FindLiveObjects: 0.641719 ms CreateObjectMapping: 0.186368 ms MarkObjects: 5.430952 ms  DeleteObjects: 0.150845 ms)

========================================================================
Received Prepare
Registering precompiled user dll's ...
Registered in 0.000420 seconds.
Begin MonoManager ReloadAssembly
Native extension for OSXStandalone target not found
Native extension for WebGL target not found
Refreshing native plugins compatible for Editor in 0.22 ms, found 1 plugins.
Preloading 0 native plugins for Editor in 0.00 ms.
Invoked RoslynAnalysisRunner static constructor.
RoslynAnalysisRunner will not be running.
RoslynAnalysisRunner has terminated.
Mono: successfully reloaded assembly
- Completed reload, in  0.880 seconds
Platform modules already initialized, skipping
Refreshing native plugins compatible for Editor in 0.18 ms, found 1 plugins.
Preloading 0 native plugins for Editor in 0.00 ms.
Unloading 1120 Unused Serialized files (Serialized files now loaded: 0)
System memory in use before: 137.7 MB.
System memory in use after: 137.7 MB.

Unloading 5 unused Assets to reduce memory usage. Loaded Objects now: 1600.
Total: 1.433390 ms (FindLiveObjects: 0.168373 ms CreateObjectMapping: 0.036230 ms MarkObjects: 1.179156 ms  DeleteObjects: 0.048351 ms)

========================================================================
Received Import Request.
  Time since last request: 524.738157 seconds.
  path: Assets/Prefabs_Original/Stranger.prefab
  artifactKey: Guid(bc220e43a4f4246218b7180d489de093) Importer(815301076,1909f56bfc062723c751e8b465ee728b)
Start importing Assets/Prefabs_Original/Stranger.prefab using Guid(bc220e43a4f4246218b7180d489de093) Importer(815301076,1909f56bfc062723c751e8b465ee728b)  -> (artifact id: '3eb957c82e3a62892f2089b815b2b015') in 0.088835 seconds
  Import took 0.092892 seconds .

